[32m------- includeFile---------
[39m{
  "path": "/Users/damianbaar/Documents/Workspaces/HTML:JS:Node/re-define/example/first/main.js"
}[32m
----------------------------

[39m[32m------- includeFile---------
[39m{
  "path": "/Users/damianbaar/Documents/Workspaces/HTML:JS:Node/re-define/example/first/one.js"
}[32m
----------------------------

[39m[32m------- includeFile---------
[39m{
  "path": "/Users/damianbaar/Documents/Workspaces/HTML:JS:Node/re-define/example/first/template.html"
}[32m
----------------------------

[39m[32m------- includeFile---------
[39m{
  "path": "/Users/damianbaar/Documents/Workspaces/HTML:JS:Node/re-define/example/first/three.js"
}[32m
----------------------------

[39m[32m------- includeFile---------
[39m{
  "path": "/Users/damianbaar/Documents/Workspaces/HTML:JS:Node/re-define/example/first/two.js"
}[32m
----------------------------

[39m[32m------- includeFile---------
[39m{
  "path": "/Users/damianbaar/Documents/Workspaces/HTML:JS:Node/re-define/example/first/deps/four.js"
}[32m
----------------------------

[39m[32m------- includeFile---------
[39m{
  "path": "/Users/damianbaar/Documents/Workspaces/HTML:JS:Node/re-define/example/first/deps/template.html"
}[32m
----------------------------

[39m[32m------- includeFile---------
[39m{
  "path": "/Users/damianbaar/Documents/Workspaces/HTML:JS:Node/re-define/example/first/dotpath/fi-ve.js"
}[32m
----------------------------

[39m[32m------- includeFile---------
[39m{
  "path": "/Users/damianbaar/Documents/Workspaces/HTML:JS:Node/re-define/example/first/dotpath/inner.js"
}[32m
----------------------------

[39m[32m------- includeFile---------
[39m{
  "path": "/Users/damianbaar/Documents/Workspaces/HTML:JS:Node/re-define/example/first/main.js"
}[32m
----------------------------

[39m[32m------- includeFile---------
[39m{
  "path": "/Users/damianbaar/Documents/Workspaces/HTML:JS:Node/re-define/example/first/one.js"
}[32m
----------------------------

[39m[32m------- includeFile---------
[39m{
  "path": "/Users/damianbaar/Documents/Workspaces/HTML:JS:Node/re-define/example/first/template.html"
}[32m
----------------------------

[39m[32m------- includeFile---------
[39m{
  "path": "/Users/damianbaar/Documents/Workspaces/HTML:JS:Node/re-define/example/first/three.js"
}[32m
----------------------------

[39m[32m------- includeFile---------
[39m{
  "path": "/Users/damianbaar/Documents/Workspaces/HTML:JS:Node/re-define/example/first/two.js"
}[32m
----------------------------

[39m